Drill report for arrm.kicad_pcb
Created on Tue Apr 19 11:49:20 2022

Copper Layer Stackup:
    =============================================================
    L1 :  F.Cu                      front
    L2 :  B.Cu                      back


Drill file 'arrm.drl' contains
    plated through holes:
    =============================================================
    T1  0.700mm  0.0276"  (3 holes)
    T2  0.800mm  0.0315"  (83 holes)
    T3  1.000mm  0.0394"  (20 holes)  (with 20 slots)
    T4  1.016mm  0.0400"  (10 holes)
    T5  1.100mm  0.0433"  (4 holes)
    T6  1.200mm  0.0472"  (7 holes)
    T7  1.524mm  0.0600"  (12 holes)

    Total plated holes count 139


Not plated through holes are merged with plated holes
    unplated through holes:
    =============================================================

    Total unplated holes count 0
